<?xml version="1.0" encoding="UTF-8"?>
<!-- Generated by org.testng.reporters.JUnitReportReporter -->
<testsuite hostname="DESKTOP-S99UOC8" failures="0" tests="1" name="com.facebook.Membership.com_27Feb.verifyWaitDemo" time="21.687" errors="0" timestamp="2025-02-28T00:08:13 IST" skipped="0">
  <testcase classname="com.facebook.Membership.com_27Feb.verifyWaitDemo" name="verifyWait" time="21.687"/>
</testsuite> <!-- com.facebook.Membership.com_27Feb.verifyWaitDemo -->
