<?xml version="1.0" encoding="UTF-8"?>
<!-- Generated by org.testng.reporters.JUnitReportReporter -->
<testsuite hostname="DESKTOP-S99UOC8" failures="0" tests="4" name="com.facebook.Membership.com_3March.FaceBookApp" time="18.414" errors="0" timestamp="2025-03-03T10:36:51 IST" skipped="0">
  <testcase classname="com.facebook.Membership.com_3March.FaceBookApp" name="loginTc" time="6.045"/>
  <testcase classname="com.facebook.Membership.com_3March.FaceBookApp" name="loginTc" time="4.078"/>
  <testcase classname="com.facebook.Membership.com_3March.FaceBookApp" name="loginTc" time="4.469"/>
  <testcase classname="com.facebook.Membership.com_3March.FaceBookApp" name="loginTc" time="3.822"/>
</testsuite> <!-- com.facebook.Membership.com_3March.FaceBookApp -->
