<?xml version="1.0" encoding="UTF-8"?>
<!-- Generated by org.testng.reporters.JUnitReportReporter -->
<testsuite hostname="DESKTOP-S99UOC8" failures="0" tests="5" name="com.facebook.Membership.com_28_Feb.DataProviderDemo" time="0.036" errors="0" timestamp="2025-03-03T08:33:02 IST" skipped="0">
  <testcase classname="com.facebook.Membership.com_28_Feb.DataProviderDemo" name="f" time="0.017"/>
  <testcase classname="com.facebook.Membership.com_28_Feb.DataProviderDemo" name="f" time="0.003"/>
  <testcase classname="com.facebook.Membership.com_28_Feb.DataProviderDemo" name="f2" time="0.008"/>
  <testcase classname="com.facebook.Membership.com_28_Feb.DataProviderDemo" name="f" time="0.005"/>
  <testcase classname="com.facebook.Membership.com_28_Feb.DataProviderDemo" name="f2" time="0.003"/>
</testsuite> <!-- com.facebook.Membership.com_28_Feb.DataProviderDemo -->
