<?xml version="1.0" encoding="UTF-8"?>
<!-- Generated by org.testng.reporters.JUnitReportReporter -->
<testsuite hostname="DESKTOP-S99UOC8" failures="0" tests="1" name="com.facebook.Membership.com_3March.ReadExcelFile" time="2.190" errors="0" timestamp="2025-03-03T09:33:15 IST" skipped="0">
  <testcase classname="com.facebook.Membership.com_3March.ReadExcelFile" name="main" time="2.190"/>
</testsuite> <!-- com.facebook.Membership.com_3March.ReadExcelFile -->
