<?xml version="1.0" encoding="UTF-8"?>
<!-- Generated by org.testng.reporters.JUnitReportReporter -->
<testsuite hostname="DESKTOP-S99UOC8" failures="0" tests="3" name="com.facebook.Membership.com_28_Feb.FB_Login_For_Multiple_User" time="36.972" errors="0" timestamp="2025-02-28T17:18:03 IST" skipped="0">
  <testcase classname="com.facebook.Membership.com_28_Feb.FB_Login_For_Multiple_User" name="f" time="11.846"/>
  <testcase classname="com.facebook.Membership.com_28_Feb.FB_Login_For_Multiple_User" name="f" time="10.615"/>
  <testcase classname="com.facebook.Membership.com_28_Feb.FB_Login_For_Multiple_User" name="f" time="14.511"/>
</testsuite> <!-- com.facebook.Membership.com_28_Feb.FB_Login_For_Multiple_User -->
