<?xml version="1.0" encoding="UTF-8"?>
<!-- Generated by org.testng.reporters.JUnitReportReporter -->
<testsuite hostname="DESKTOP-S99UOC8" failures="0" tests="4" name="com.facebook.Membership.com_28_Feb.BrowserSelect" time="11.294" errors="0" timestamp="2025-02-28T16:45:11 IST" skipped="0">
  <testcase classname="com.facebook.Membership.com_28_Feb.BrowserSelect" name="test1" time="0.005"/>
  <testcase classname="com.facebook.Membership.com_28_Feb.BrowserSelect" name="test1" time="0.004"/>
  <testcase classname="com.facebook.Membership.com_28_Feb.BrowserSelect" name="getBrowser" time="11.281"/>
  <testcase classname="com.facebook.Membership.com_28_Feb.BrowserSelect" name="test1" time="0.004"/>
</testsuite> <!-- com.facebook.Membership.com_28_Feb.BrowserSelect -->
