<?xml version="1.0" encoding="UTF-8"?>
<!-- Generated by org.testng.reporters.JUnitReportReporter -->
<testsuite hostname="DESKTOP-S99UOC8" failures="0" tests="5" name="com.facebook.Membership.com_28_Feb.GroupsDemo" time="0.031" errors="0" timestamp="2025-03-03T08:32:28 IST" skipped="0">
  <testcase classname="com.facebook.Membership.com_28_Feb.GroupsDemo" name="B" time="0.004"/>
  <testcase classname="com.facebook.Membership.com_28_Feb.GroupsDemo" name="C" time="0.003"/>
  <testcase classname="com.facebook.Membership.com_28_Feb.GroupsDemo" name="E" time="0.003"/>
  <testcase classname="com.facebook.Membership.com_28_Feb.GroupsDemo" name="D" time="0.006"/>
  <testcase classname="com.facebook.Membership.com_28_Feb.GroupsDemo" name="A" time="0.015"/>
</testsuite> <!-- com.facebook.Membership.com_28_Feb.GroupsDemo -->
