<?xml version="1.0" encoding="UTF-8"?>
<!-- Generated by org.testng.reporters.JUnitReportReporter -->
<testsuite hostname="DESKTOP-S99UOC8" failures="0" tests="1" name="com.facebook.Membership.com_26Feb.AlertMethodDemo" time="12.058" errors="0" timestamp="2025-03-02T09:59:17 IST" skipped="0">
  <testcase classname="com.facebook.Membership.com_26Feb.AlertMethodDemo" name="BrowserAlert" time="12.058"/>
</testsuite> <!-- com.facebook.Membership.com_26Feb.AlertMethodDemo -->
