<?xml version="1.0" encoding="UTF-8"?>
<!-- Generated by org.testng.reporters.JUnitReportReporter -->
<testsuite hostname="DESKTOP-S99UOC8" failures="0" tests="5" name="com.facebook.Membership.com_28_Feb.ParallelTC_Demo" time="0.084" errors="0" timestamp="2025-02-28T15:19:57 IST" skipped="0">
  <testcase classname="com.facebook.Membership.com_28_Feb.ParallelTC_Demo" name="A" time="0.023"/>
  <testcase classname="com.facebook.Membership.com_28_Feb.ParallelTC_Demo" name="E" time="0.005"/>
  <testcase classname="com.facebook.Membership.com_28_Feb.ParallelTC_Demo" name="C" time="0.029"/>
  <testcase classname="com.facebook.Membership.com_28_Feb.ParallelTC_Demo" name="B" time="0.023"/>
  <testcase classname="com.facebook.Membership.com_28_Feb.ParallelTC_Demo" name="D" time="0.004"/>
</testsuite> <!-- com.facebook.Membership.com_28_Feb.ParallelTC_Demo -->
