<?xml version="1.0" encoding="UTF-8"?>
<!-- Generated by org.testng.reporters.JUnitReportReporter -->
<testsuite hostname="DESKTOP-S99UOC8" failures="0" tests="2" name="com.facebook.Membership.com_28_Feb.FB_AppTest1" time="13.045" errors="0" timestamp="2025-03-03T06:28:56 IST" skipped="0">
  <testcase classname="com.facebook.Membership.com_28_Feb.FB_AppTest1" name="loginTc" time="5.745"/>
  <testcase classname="com.facebook.Membership.com_28_Feb.FB_AppTest1" name="accountTc" time="7.300"/>
</testsuite> <!-- com.facebook.Membership.com_28_Feb.FB_AppTest1 -->
