<?xml version="1.0" encoding="UTF-8"?>
<!-- Generated by org.testng.reporters.JUnitReportReporter -->
<testsuite hostname="DESKTOP-S99UOC8" failures="0" tests="1" name="com.facebook.Membership.com_28_Feb.Sample" time="0.030" errors="0" timestamp="2025-02-28T09:49:50 IST" skipped="0">
  <testcase classname="com.facebook.Membership.com_28_Feb.Sample" name="LogoutTc" time="0.030"/>
</testsuite> <!-- com.facebook.Membership.com_28_Feb.Sample -->
