<?xml version="1.0" encoding="UTF-8"?>
<!-- Generated by org.testng.reporters.JUnitReportReporter -->
<testsuite hostname="DESKTOP-S99UOC8" failures="0" tests="1" name="com.facebook.Membership.com_27Feb.ActionDemo" time="6.688" errors="0" timestamp="2025-03-02T12:26:56 IST" skipped="0">
  <testcase classname="com.facebook.Membership.com_27Feb.ActionDemo" name="doubleClick" time="6.688"/>
</testsuite> <!-- com.facebook.Membership.com_27Feb.ActionDemo -->
