<?xml version="1.0" encoding="UTF-8"?>
<!-- Generated by org.testng.reporters.JUnitReportReporter -->
<testsuite hostname="DESKTOP-S99UOC8" failures="0" tests="4" name="com.facebook.Membership.com_28_Feb.App" time="19.479" errors="0" timestamp="2025-02-28T15:00:25 IST" skipped="0">
  <testcase classname="com.facebook.Membership.com_28_Feb.App" name="loginTc" time="5.583"/>
  <testcase classname="com.facebook.Membership.com_28_Feb.App" name="loginTc" time="3.769"/>
  <testcase classname="com.facebook.Membership.com_28_Feb.App" name="accountTc" time="5.188"/>
  <testcase classname="com.facebook.Membership.com_28_Feb.App" name="accountTc" time="4.939"/>
</testsuite> <!-- com.facebook.Membership.com_28_Feb.App -->
