<?xml version="1.0" encoding="UTF-8"?>
<!-- Generated by org.testng.reporters.JUnitReportReporter -->
<testsuite hostname="DESKTOP-S99UOC8" failures="0" tests="2" name="com.facebook.Membership.com_1March.ReadExcelFile" time="1.593" errors="0" timestamp="2025-03-01T15:52:52 IST" skipped="0">
  <testcase classname="com.facebook.Membership.com_1March.ReadExcelFile" name="run" time="0.007"/>
  <testcase classname="com.facebook.Membership.com_1March.ReadExcelFile" name="main" time="1.586"/>
</testsuite> <!-- com.facebook.Membership.com_1March.ReadExcelFile -->
