<?xml version="1.0" encoding="UTF-8"?>
<!-- Generated by org.testng.reporters.JUnitReportReporter -->
<testsuite hostname="DESKTOP-S99UOC8" failures="0" tests="5" name="TestCases.verifyPage1" time="19.468" errors="0" timestamp="2025-03-06T01:03:48 IST" skipped="0">
  <testcase classname="TestCases.verifyPage1" name="loginTc" time="3.504"/>
  <testcase classname="TestCases.verifyPage1" name="loginTc" time="3.437"/>
  <testcase classname="TestCases.verifyPage1" name="loginTc" time="3.497"/>
  <testcase classname="TestCases.verifyPage1" name="loginTc" time="4.507"/>
  <testcase classname="TestCases.verifyPage1" name="verifyForgetPwd" time="4.523"/>
</testsuite> <!-- TestCases.verifyPage1 -->
