<?xml version="1.0" encoding="UTF-8"?>
<!-- Generated by org.testng.reporters.JUnitReportReporter -->
<testsuite hostname="DESKTOP-S99UOC8" failures="0" tests="3" name="com.facebook.Membership.com_28_Feb.ReportDemo" time="0.040" errors="0" timestamp="2025-02-28T10:22:24 IST" skipped="0">
  <testcase classname="com.facebook.Membership.com_28_Feb.ReportDemo" name="loginTc" time="0.032"/>
  <testcase classname="com.facebook.Membership.com_28_Feb.ReportDemo" name="search" time="0.002"/>
  <testcase classname="com.facebook.Membership.com_28_Feb.ReportDemo" name="LogoutTc" time="0.006"/>
</testsuite> <!-- com.facebook.Membership.com_28_Feb.ReportDemo -->
